[debug] [2026-02-25T08:23:35.098Z] ----------------------------------------------------------------------
[debug] [2026-02-25T08:23:35.100Z] Command:       C:\Program Files\nodejs\node.exe C:\Users\User\AppData\Roaming\npm\node_modules\firebase-tools\lib\bin\firebase.js deploy --only hosting:accelefreight
[debug] [2026-02-25T08:23:35.100Z] CLI Version:   15.7.0
[debug] [2026-02-25T08:23:35.100Z] Platform:      win32
[debug] [2026-02-25T08:23:35.101Z] Node Version:  v24.13.1
[debug] [2026-02-25T08:23:35.101Z] Time:          Wed Feb 25 2026 16:23:35 GMT+0800 (Malaysia Time)
[debug] [2026-02-25T08:23:35.101Z] ----------------------------------------------------------------------
[debug] 
[debug] [2026-02-25T08:23:36.185Z] > command requires scopes: ["email","openid","https://www.googleapis.com/auth/cloudplatformprojects.readonly","https://www.googleapis.com/auth/firebase","https://www.googleapis.com/auth/cloud-platform"]
[debug] [2026-02-25T08:23:36.185Z] > authorizing via signed-in user (calvin.wong@accelefreight.com)
[debug] [2026-02-25T08:23:36.185Z] [iam] checking project cloud-accele-freight for permissions ["firebase.projects.get","firebasehosting.sites.update"]
[debug] [2026-02-25T08:23:36.186Z] Checked if tokens are valid: true, expires at: 1772009630114
[debug] [2026-02-25T08:23:36.186Z] Checked if tokens are valid: true, expires at: 1772009630114
[debug] [2026-02-25T08:23:36.187Z] >>> [apiv2][query] POST https://cloudresourcemanager.googleapis.com/v1/projects/cloud-accele-freight:testIamPermissions [none]
[debug] [2026-02-25T08:23:36.187Z] >>> [apiv2][(partial)header] POST https://cloudresourcemanager.googleapis.com/v1/projects/cloud-accele-freight:testIamPermissions  x-goog-user-project=cloud-accele-freight
[debug] [2026-02-25T08:23:36.187Z] >>> [apiv2][body] POST https://cloudresourcemanager.googleapis.com/v1/projects/cloud-accele-freight:testIamPermissions {"permissions":["firebase.projects.get","firebasehosting.sites.update"]}
[debug] [2026-02-25T08:23:48.336Z] <<< [apiv2][status] POST https://cloudresourcemanager.googleapis.com/v1/projects/cloud-accele-freight:testIamPermissions 200
[debug] [2026-02-25T08:23:48.336Z] <<< [apiv2][body] POST https://cloudresourcemanager.googleapis.com/v1/projects/cloud-accele-freight:testIamPermissions {"permissions":["firebase.projects.get","firebasehosting.sites.update"]}
[debug] [2026-02-25T08:23:48.337Z] Checked if tokens are valid: true, expires at: 1772009630114
[debug] [2026-02-25T08:23:48.337Z] Checked if tokens are valid: true, expires at: 1772009630114
[debug] [2026-02-25T08:23:48.337Z] >>> [apiv2][query] GET https://firebase.googleapis.com/v1beta1/projects/cloud-accele-freight [none]
[debug] [2026-02-25T08:23:48.723Z] <<< [apiv2][status] GET https://firebase.googleapis.com/v1beta1/projects/cloud-accele-freight 200
[debug] [2026-02-25T08:23:48.723Z] <<< [apiv2][body] GET https://firebase.googleapis.com/v1beta1/projects/cloud-accele-freight {"projectId":"cloud-accele-freight","projectNumber":"667020632236","displayName":"AF Cloud Web Server","name":"projects/cloud-accele-freight","resources":{"hostingSite":"cloud-accele-freight","realtimeDatabaseInstance":"cloud-accele-freight","locationId":"asia-northeast1"},"state":"ACTIVE","etag":"1_a190db21-82ea-403a-9a53-80b2dfaec5cd"}
[info] 
[info] === Deploying to 'cloud-accele-freight'...
[info] 
[info] i  deploying hosting 
[debug] [2026-02-25T08:23:48.728Z] Checked if tokens are valid: true, expires at: 1772009630114
[debug] [2026-02-25T08:23:48.728Z] Checked if tokens are valid: true, expires at: 1772009630114
[debug] [2026-02-25T08:23:48.728Z] >>> [apiv2][query] POST https://firebasehosting.googleapis.com/v1beta1/projects/-/sites/accelefreight/versions [none]
[debug] [2026-02-25T08:23:48.729Z] >>> [apiv2][body] POST https://firebasehosting.googleapis.com/v1beta1/projects/-/sites/accelefreight/versions {"status":"CREATED","labels":{"deployment-tool":"cli-firebase"}}
[debug] [2026-02-25T08:23:50.241Z] <<< [apiv2][status] POST https://firebasehosting.googleapis.com/v1beta1/projects/-/sites/accelefreight/versions 200
[debug] [2026-02-25T08:23:50.241Z] <<< [apiv2][body] POST https://firebasehosting.googleapis.com/v1beta1/projects/-/sites/accelefreight/versions {"name":"projects/667020632236/sites/accelefreight/versions/4c1e30d41f148d88","status":"CREATED","config":{},"labels":{"deployment-tool":"cli-firebase"}}
[info] i  hosting[accelefreight]: beginning deploy... 
[info] i  hosting[accelefreight]: found 44 files in af-web/out 
[debug] [2026-02-25T08:23:50.257Z] [hosting] uploading with 200 concurrency
[debug] [2026-02-25T08:23:50.285Z] Checked if tokens are valid: true, expires at: 1772009630114
[debug] [2026-02-25T08:23:50.285Z] Checked if tokens are valid: true, expires at: 1772009630114
[debug] [2026-02-25T08:23:50.286Z] [hosting] hash cache [YWYtd2ViXG91dA] stored for 44 files
[debug] [2026-02-25T08:23:50.287Z] [hosting][hash queue][FINAL] {"max":23,"min":14,"avg":16.15909090909091,"active":0,"complete":44,"success":44,"errored":0,"retried":0,"total":44,"elapsed":29}
[debug] [2026-02-25T08:23:50.287Z] >>> [apiv2][query] POST https://firebasehosting.googleapis.com/v1beta1/projects/667020632236/sites/accelefreight/versions/4c1e30d41f148d88:populateFiles [none]
[debug] [2026-02-25T08:23:50.287Z] >>> [apiv2][body] POST https://firebasehosting.googleapis.com/v1beta1/projects/667020632236/sites/accelefreight/versions/4c1e30d41f148d88:populateFiles {"files":{"/index.txt":"83954f7b4236b1c418cdaa0c2dc3ae8669458e4c453efa1f5432563cf85b3537","/404.html":"168d77e74ddc3ab37ec3ec1f6c0a83e0e3391dbb6d5c4657162f7de34fed5771","/_next/static/media/ff71da380fbe67dd-s.woff2":"6421112e1082459ef4af9c0bcd4bae218daaa669ce36d2639f6d5c5c50f0fbfd","/_next/static/media/edc640959b0c7826-s.woff2":"c321e255c10c1f75bdf12e193e36aa08b10e93b66604dd9d1422e0bded4bf2ad","/_next/static/media/ac0e76ddaeeb7981-s.woff2":"9fb91b702f92831ffdfc22a5cc07523c718b18539e18d2b7a6eb39e15d224548","/_next/static/media/98848575513c9742-s.woff2":"a81553c4ea0558378e75e966d0325a9ca24857b2438519f22a185a38d56ad767","/_next/static/media/6d831b18ae5b01dc-s.woff2":"6288d7a04421fdb9e3e1fd6aae1041275db7db1c88d58ed85c2fbf4344f53fe1","/favicon.ico":"36eaaa9259cda5765c4061fa8b7bf61c74dbda3a2a721a0811c73f5dae61a2e9","/_next/static/media/680a7121f7a85e3f-s.woff2":"ff88557be24025ef6392619111bd7f5af37b22a05b18076bff0e5705658ea460","/_next/static/media/64d784ea54a4acde-s.woff2":"784fb5821b398080f03989f3a4c8f627add704da9446c53d2c5cccd1982be1c8","/_next/static/KzDjnC5n271yBTTMJ_sCp/_ssgManifest.js":"dc28a4dc92fe352ed5d2201bd3972ce47691bc8e89e0400a68d1541d0567c6d5","/_next/static/KzDjnC5n271yBTTMJ_sCp/_buildManifest.js":"b7b50b96854bcbc40ab6e8bf51e9f11625752bd8ac7aed0bd0353f441f2b3134","/_next/static/media/0da54fcd0470ea43-s.woff2":"b77cc0a760f7f191b1568f771fe9cefbcbac907b7f53766a67c963d2576f1c50","/_next/static/chunks/webpack-0e0e92a79f09b74a.js":"6f3e407920ae6903927fc531f060f0d4e9b0163faafecc43c7a53681f05a7d49","/_next/static/css/c9724b4beb840021.css":"4d115119597c15c341fe62f4352aace13fb3a96b93dbaf2a62749eb8f43cc7b1","/_next/static/chunks/main-app-b3f048d2f93c6637.js":"6acab8476cce97c35e8204a0f08758d94bba7cfd6bc7960cfc6f823bfaf34a55","/_next/static/chunks/972-c297c90601cf06f0.js":"af5fa8634da3fdb4b21bc6834a7d78f6fe7140f86f28742cee307604ad4fdb78","/_next/static/chunks/pages/_error-7ba65e1336b92748.js":"09b35fbc854afaf76c1b75a5b3272bf936d957493d106176ade3af1047ea394e","/_next/static/chunks/pages/_app-72b849fbd24ac258.js":"70f6b2605c3ef9a5904ae691f9e588694f57a58e736945e9aecb6e6367333b6f","/_next/static/chunks/app/page-e19850613787abc5.js":"df28820902ebbf05781c3ef9ec682e92fab0241e4e8853a50a94ee2ddc0ec54b","/_next/static/chunks/app/layout-6d7ba6e8813ab70c.js":"c50aaff161e1a3eff8ca2dd0186dc26d8391482cf04620b635ff52112c913ca6","/_next/static/chunks/app/_not-found/page-32c70da5a397ed57.js":"352fa281f9b211b95548da735d6062efd1761d2d3a4be18e58a64174d0c283fe","/_next/static/chunks/app/services/page-6dbe93349e36dd22.js":"5048dc07f98211f96ae94e5e6e3294f760fc0792440fb7d003b2a0ac2487b32c","/_next/static/chunks/app/about/page-5c2fefe3e4c8cd37.js":"85c9215f4c6b73af68a45ae39a64fea6aaab1215b5fff6df61bac69002a36163","/_next/static/chunks/app/faq/page-5c1659fc1a8790c8.js":"ee2f0d657c8af03b0aacae83de591163ceee922f4c58a3b1fda83809bac3d788","/_next/static/chunks/app/contact/page-40d3cde1a033c21c.js":"1d6d6e0ab8a96baf6fd8338f4dd012fbe9636bc2fd01132de290b48877003053","/faq/index.txt":"10104ffaa2e3291f116e769cc63a8b95c2e7d396c6309a3f64d2ebd0366e573a","/services/index.txt":"8fe8c31fb8572d4bf1bc8d3b02b84873095af75cf665536234382d9957ec91d1","/contact/index.txt":"e3eebbc58cb9d534a4019be6457b719fc82dd54491bbae306ed6c3a917b510dd","/faq/index.html":"6b1f15c460ab05e4492763cf8c64f2089a1876426a0541589069a3b889a921c3","/contact/index.html":"f2760c38121eb26000cfc98739ffab68479d7ad5ace76adb5defef412fd0b67a","/about/index.txt":"9386e47a32a7ce0dbd6786d885030f6b09cb3ccb13d6f252776493f3cc8d1f05","/services/index.html":"8d079e306854bdb623b8b8ecf504bc7e125654ba7e3f71848a298d967603016e","/404/index.html":"168d77e74ddc3ab37ec3ec1f6c0a83e0e3391dbb6d5c4657162f7de34fed5771","/about/index.html":"4c2b3d7d516dabeeb21189c180d3f502268cdcae120b94eec299a9fee291b372","/_next/static/media/7b0b24f36b1a6d0b-s.p.woff2":"287b5a060992f578c9daabe4bcc5d3c78602727d2e6bd2377aea499fa9685666","/_next/static/media/558ca1a6aa3cb55e-s.p.woff2":"618de78477981edb050fe727efee15ab37c0043f9fa334e978a294131c975766","/index.html":"097a7d7dd43fe9fdac79f5e890d12c233b36b97f5afc04874dab7aab5b9b333a","/_next/static/media/8a1d8947e5852e30-s.p.woff2":"f5e4093596ec99185f0d51aa042e581b32a5a1dc8070a161ea12521e6426e99b","/_next/static/chunks/polyfills-42372ed130431b0a.js":"18e28d3214eda45048d80d3925ea7627b809e69ad2e95f7f98459e9146a61c3d","/_next/static/chunks/main-d8d9c5d9fff4f5d9.js":"e6ef79ee8fbf2ff47aa5d5c9ed06e658dd83c03b60a540a63b0bd56d0bde0513","/_next/static/chunks/117-70963ce3e3e3fa52.js":"ef0233df8fbd62cb75c0929966455a60a251236b0ff65dff1c7084de3bb9b318","/_next/static/chunks/framework-f66176bb897dc684.js":"e3602f0208d127fb2a8eaf2c69fe8354025257feee8137cd0d6ff8307d228dca","/_next/static/chunks/fd9d1056-9f91b5e418130764.js":"080cf476a9e293eef13f2f7c86fd42cd8b401b9e2a2aaa7baf5af2d925db31cb"}}
[debug] [2026-02-25T08:23:51.007Z] <<< [apiv2][status] POST https://firebasehosting.googleapis.com/v1beta1/projects/667020632236/sites/accelefreight/versions/4c1e30d41f148d88:populateFiles 200
[debug] [2026-02-25T08:23:51.007Z] <<< [apiv2][body] POST https://firebasehosting.googleapis.com/v1beta1/projects/667020632236/sites/accelefreight/versions/4c1e30d41f148d88:populateFiles {"uploadRequiredHashes":["168d77e74ddc3ab37ec3ec1f6c0a83e0e3391dbb6d5c4657162f7de34fed5771","e3eebbc58cb9d534a4019be6457b719fc82dd54491bbae306ed6c3a917b510dd","4c2b3d7d516dabeeb21189c180d3f502268cdcae120b94eec299a9fee291b372","4d115119597c15c341fe62f4352aace13fb3a96b93dbaf2a62749eb8f43cc7b1","9386e47a32a7ce0dbd6786d885030f6b09cb3ccb13d6f252776493f3cc8d1f05","6b1f15c460ab05e4492763cf8c64f2089a1876426a0541589069a3b889a921c3","83954f7b4236b1c418cdaa0c2dc3ae8669458e4c453efa1f5432563cf85b3537","10104ffaa2e3291f116e769cc63a8b95c2e7d396c6309a3f64d2ebd0366e573a","c50aaff161e1a3eff8ca2dd0186dc26d8391482cf04620b635ff52112c913ca6","f2760c38121eb26000cfc98739ffab68479d7ad5ace76adb5defef412fd0b67a","8d079e306854bdb623b8b8ecf504bc7e125654ba7e3f71848a298d967603016e","8fe8c31fb8572d4bf1bc8d3b02b84873095af75cf665536234382d9957ec91d1","097a7d7dd43fe9fdac79f5e890d12c233b36b97f5afc04874dab7aab5b9b333a"],"uploadUrl":"https://upload-firebasehosting.googleapis.com/upload/sites/accelefreight/versions/4c1e30d41f148d88/files"}
[debug] [2026-02-25T08:23:51.008Z] Checked if tokens are valid: true, expires at: 1772009630114
[debug] [2026-02-25T08:23:51.008Z] Checked if tokens are valid: true, expires at: 1772009630114
[debug] [2026-02-25T08:23:51.008Z] Checked if tokens are valid: true, expires at: 1772009630114
[debug] [2026-02-25T08:23:51.008Z] Checked if tokens are valid: true, expires at: 1772009630114
[debug] [2026-02-25T08:23:51.008Z] Checked if tokens are valid: true, expires at: 1772009630114
[debug] [2026-02-25T08:23:51.008Z] Checked if tokens are valid: true, expires at: 1772009630114
[debug] [2026-02-25T08:23:51.008Z] Checked if tokens are valid: true, expires at: 1772009630114
[debug] [2026-02-25T08:23:51.008Z] Checked if tokens are valid: true, expires at: 1772009630114
[debug] [2026-02-25T08:23:51.008Z] Checked if tokens are valid: true, expires at: 1772009630114
[debug] [2026-02-25T08:23:51.008Z] Checked if tokens are valid: true, expires at: 1772009630114
[debug] [2026-02-25T08:23:51.008Z] Checked if tokens are valid: true, expires at: 1772009630114
[debug] [2026-02-25T08:23:51.008Z] Checked if tokens are valid: true, expires at: 1772009630114
[debug] [2026-02-25T08:23:51.008Z] Checked if tokens are valid: true, expires at: 1772009630114
[debug] [2026-02-25T08:23:51.008Z] Checked if tokens are valid: true, expires at: 1772009630114
[debug] [2026-02-25T08:23:51.008Z] Checked if tokens are valid: true, expires at: 1772009630114
[debug] [2026-02-25T08:23:51.009Z] Checked if tokens are valid: true, expires at: 1772009630114
[debug] [2026-02-25T08:23:51.009Z] Checked if tokens are valid: true, expires at: 1772009630114
[debug] [2026-02-25T08:23:51.009Z] Checked if tokens are valid: true, expires at: 1772009630114
[debug] [2026-02-25T08:23:51.009Z] Checked if tokens are valid: true, expires at: 1772009630114
[debug] [2026-02-25T08:23:51.009Z] Checked if tokens are valid: true, expires at: 1772009630114
[debug] [2026-02-25T08:23:51.009Z] Checked if tokens are valid: true, expires at: 1772009630114
[debug] [2026-02-25T08:23:51.009Z] Checked if tokens are valid: true, expires at: 1772009630114
[debug] [2026-02-25T08:23:51.009Z] Checked if tokens are valid: true, expires at: 1772009630114
[debug] [2026-02-25T08:23:51.009Z] Checked if tokens are valid: true, expires at: 1772009630114
[debug] [2026-02-25T08:23:51.009Z] Checked if tokens are valid: true, expires at: 1772009630114
[debug] [2026-02-25T08:23:51.009Z] Checked if tokens are valid: true, expires at: 1772009630114
[debug] [2026-02-25T08:23:51.009Z] >>> [apiv2][query] POST https://upload-firebasehosting.googleapis.com/upload/sites/accelefreight/versions/4c1e30d41f148d88/files/168d77e74ddc3ab37ec3ec1f6c0a83e0e3391dbb6d5c4657162f7de34fed5771 [none]
[debug] [2026-02-25T08:23:51.009Z] >>> [apiv2][body] POST https://upload-firebasehosting.googleapis.com/upload/sites/accelefreight/versions/4c1e30d41f148d88/files/168d77e74ddc3ab37ec3ec1f6c0a83e0e3391dbb6d5c4657162f7de34fed5771 [stream]
[debug] [2026-02-25T08:23:51.010Z] >>> [apiv2][query] POST https://upload-firebasehosting.googleapis.com/upload/sites/accelefreight/versions/4c1e30d41f148d88/files/e3eebbc58cb9d534a4019be6457b719fc82dd54491bbae306ed6c3a917b510dd [none]
[debug] [2026-02-25T08:23:51.010Z] >>> [apiv2][body] POST https://upload-firebasehosting.googleapis.com/upload/sites/accelefreight/versions/4c1e30d41f148d88/files/e3eebbc58cb9d534a4019be6457b719fc82dd54491bbae306ed6c3a917b510dd [stream]
[debug] [2026-02-25T08:23:51.011Z] >>> [apiv2][query] POST https://upload-firebasehosting.googleapis.com/upload/sites/accelefreight/versions/4c1e30d41f148d88/files/4c2b3d7d516dabeeb21189c180d3f502268cdcae120b94eec299a9fee291b372 [none]
[debug] [2026-02-25T08:23:51.011Z] >>> [apiv2][body] POST https://upload-firebasehosting.googleapis.com/upload/sites/accelefreight/versions/4c1e30d41f148d88/files/4c2b3d7d516dabeeb21189c180d3f502268cdcae120b94eec299a9fee291b372 [stream]
[debug] [2026-02-25T08:23:51.011Z] >>> [apiv2][query] POST https://upload-firebasehosting.googleapis.com/upload/sites/accelefreight/versions/4c1e30d41f148d88/files/4d115119597c15c341fe62f4352aace13fb3a96b93dbaf2a62749eb8f43cc7b1 [none]
[debug] [2026-02-25T08:23:51.011Z] >>> [apiv2][body] POST https://upload-firebasehosting.googleapis.com/upload/sites/accelefreight/versions/4c1e30d41f148d88/files/4d115119597c15c341fe62f4352aace13fb3a96b93dbaf2a62749eb8f43cc7b1 [stream]
[debug] [2026-02-25T08:23:51.012Z] >>> [apiv2][query] POST https://upload-firebasehosting.googleapis.com/upload/sites/accelefreight/versions/4c1e30d41f148d88/files/9386e47a32a7ce0dbd6786d885030f6b09cb3ccb13d6f252776493f3cc8d1f05 [none]
[debug] [2026-02-25T08:23:51.012Z] >>> [apiv2][body] POST https://upload-firebasehosting.googleapis.com/upload/sites/accelefreight/versions/4c1e30d41f148d88/files/9386e47a32a7ce0dbd6786d885030f6b09cb3ccb13d6f252776493f3cc8d1f05 [stream]
[debug] [2026-02-25T08:23:51.013Z] >>> [apiv2][query] POST https://upload-firebasehosting.googleapis.com/upload/sites/accelefreight/versions/4c1e30d41f148d88/files/6b1f15c460ab05e4492763cf8c64f2089a1876426a0541589069a3b889a921c3 [none]
[debug] [2026-02-25T08:23:51.013Z] >>> [apiv2][body] POST https://upload-firebasehosting.googleapis.com/upload/sites/accelefreight/versions/4c1e30d41f148d88/files/6b1f15c460ab05e4492763cf8c64f2089a1876426a0541589069a3b889a921c3 [stream]
[debug] [2026-02-25T08:23:51.013Z] >>> [apiv2][query] POST https://upload-firebasehosting.googleapis.com/upload/sites/accelefreight/versions/4c1e30d41f148d88/files/83954f7b4236b1c418cdaa0c2dc3ae8669458e4c453efa1f5432563cf85b3537 [none]
[debug] [2026-02-25T08:23:51.013Z] >>> [apiv2][body] POST https://upload-firebasehosting.googleapis.com/upload/sites/accelefreight/versions/4c1e30d41f148d88/files/83954f7b4236b1c418cdaa0c2dc3ae8669458e4c453efa1f5432563cf85b3537 [stream]
[debug] [2026-02-25T08:23:51.014Z] >>> [apiv2][query] POST https://upload-firebasehosting.googleapis.com/upload/sites/accelefreight/versions/4c1e30d41f148d88/files/10104ffaa2e3291f116e769cc63a8b95c2e7d396c6309a3f64d2ebd0366e573a [none]
[debug] [2026-02-25T08:23:51.014Z] >>> [apiv2][body] POST https://upload-firebasehosting.googleapis.com/upload/sites/accelefreight/versions/4c1e30d41f148d88/files/10104ffaa2e3291f116e769cc63a8b95c2e7d396c6309a3f64d2ebd0366e573a [stream]
[debug] [2026-02-25T08:23:51.014Z] >>> [apiv2][query] POST https://upload-firebasehosting.googleapis.com/upload/sites/accelefreight/versions/4c1e30d41f148d88/files/c50aaff161e1a3eff8ca2dd0186dc26d8391482cf04620b635ff52112c913ca6 [none]
[debug] [2026-02-25T08:23:51.014Z] >>> [apiv2][body] POST https://upload-firebasehosting.googleapis.com/upload/sites/accelefreight/versions/4c1e30d41f148d88/files/c50aaff161e1a3eff8ca2dd0186dc26d8391482cf04620b635ff52112c913ca6 [stream]
[debug] [2026-02-25T08:23:51.015Z] >>> [apiv2][query] POST https://upload-firebasehosting.googleapis.com/upload/sites/accelefreight/versions/4c1e30d41f148d88/files/f2760c38121eb26000cfc98739ffab68479d7ad5ace76adb5defef412fd0b67a [none]
[debug] [2026-02-25T08:23:51.015Z] >>> [apiv2][body] POST https://upload-firebasehosting.googleapis.com/upload/sites/accelefreight/versions/4c1e30d41f148d88/files/f2760c38121eb26000cfc98739ffab68479d7ad5ace76adb5defef412fd0b67a [stream]
[debug] [2026-02-25T08:23:51.015Z] >>> [apiv2][query] POST https://upload-firebasehosting.googleapis.com/upload/sites/accelefreight/versions/4c1e30d41f148d88/files/8d079e306854bdb623b8b8ecf504bc7e125654ba7e3f71848a298d967603016e [none]
[debug] [2026-02-25T08:23:51.015Z] >>> [apiv2][body] POST https://upload-firebasehosting.googleapis.com/upload/sites/accelefreight/versions/4c1e30d41f148d88/files/8d079e306854bdb623b8b8ecf504bc7e125654ba7e3f71848a298d967603016e [stream]
[debug] [2026-02-25T08:23:51.016Z] >>> [apiv2][query] POST https://upload-firebasehosting.googleapis.com/upload/sites/accelefreight/versions/4c1e30d41f148d88/files/8fe8c31fb8572d4bf1bc8d3b02b84873095af75cf665536234382d9957ec91d1 [none]
[debug] [2026-02-25T08:23:51.016Z] >>> [apiv2][body] POST https://upload-firebasehosting.googleapis.com/upload/sites/accelefreight/versions/4c1e30d41f148d88/files/8fe8c31fb8572d4bf1bc8d3b02b84873095af75cf665536234382d9957ec91d1 [stream]
[debug] [2026-02-25T08:23:51.016Z] >>> [apiv2][query] POST https://upload-firebasehosting.googleapis.com/upload/sites/accelefreight/versions/4c1e30d41f148d88/files/097a7d7dd43fe9fdac79f5e890d12c233b36b97f5afc04874dab7aab5b9b333a [none]
[debug] [2026-02-25T08:23:51.016Z] >>> [apiv2][body] POST https://upload-firebasehosting.googleapis.com/upload/sites/accelefreight/versions/4c1e30d41f148d88/files/097a7d7dd43fe9fdac79f5e890d12c233b36b97f5afc04874dab7aab5b9b333a [stream]
[debug] [2026-02-25T08:23:51.016Z] [hosting][populate queue][FINAL] {"max":724,"min":724,"avg":724,"active":0,"complete":1,"success":1,"errored":0,"retried":0,"total":1,"elapsed":731}
[debug] [2026-02-25T08:23:51.017Z] [hosting] uploads queued: 13
[debug] [2026-02-25T08:23:52.191Z] <<< [apiv2][status] POST https://upload-firebasehosting.googleapis.com/upload/sites/accelefreight/versions/4c1e30d41f148d88/files/e3eebbc58cb9d534a4019be6457b719fc82dd54491bbae306ed6c3a917b510dd 200
[debug] [2026-02-25T08:23:52.191Z] <<< [apiv2][body] POST https://upload-firebasehosting.googleapis.com/upload/sites/accelefreight/versions/4c1e30d41f148d88/files/e3eebbc58cb9d534a4019be6457b719fc82dd54491bbae306ed6c3a917b510dd [stream]
[debug] [2026-02-25T08:23:52.220Z] <<< [apiv2][status] POST https://upload-firebasehosting.googleapis.com/upload/sites/accelefreight/versions/4c1e30d41f148d88/files/8fe8c31fb8572d4bf1bc8d3b02b84873095af75cf665536234382d9957ec91d1 200
[debug] [2026-02-25T08:23:52.220Z] <<< [apiv2][body] POST https://upload-firebasehosting.googleapis.com/upload/sites/accelefreight/versions/4c1e30d41f148d88/files/8fe8c31fb8572d4bf1bc8d3b02b84873095af75cf665536234382d9957ec91d1 [stream]
[debug] [2026-02-25T08:23:52.290Z] <<< [apiv2][status] POST https://upload-firebasehosting.googleapis.com/upload/sites/accelefreight/versions/4c1e30d41f148d88/files/9386e47a32a7ce0dbd6786d885030f6b09cb3ccb13d6f252776493f3cc8d1f05 200
[debug] [2026-02-25T08:23:52.290Z] <<< [apiv2][body] POST https://upload-firebasehosting.googleapis.com/upload/sites/accelefreight/versions/4c1e30d41f148d88/files/9386e47a32a7ce0dbd6786d885030f6b09cb3ccb13d6f252776493f3cc8d1f05 [stream]
[debug] [2026-02-25T08:23:52.335Z] <<< [apiv2][status] POST https://upload-firebasehosting.googleapis.com/upload/sites/accelefreight/versions/4c1e30d41f148d88/files/10104ffaa2e3291f116e769cc63a8b95c2e7d396c6309a3f64d2ebd0366e573a 200
[debug] [2026-02-25T08:23:52.335Z] <<< [apiv2][body] POST https://upload-firebasehosting.googleapis.com/upload/sites/accelefreight/versions/4c1e30d41f148d88/files/10104ffaa2e3291f116e769cc63a8b95c2e7d396c6309a3f64d2ebd0366e573a [stream]
[debug] [2026-02-25T08:23:52.361Z] <<< [apiv2][status] POST https://upload-firebasehosting.googleapis.com/upload/sites/accelefreight/versions/4c1e30d41f148d88/files/6b1f15c460ab05e4492763cf8c64f2089a1876426a0541589069a3b889a921c3 200
[debug] [2026-02-25T08:23:52.361Z] <<< [apiv2][body] POST https://upload-firebasehosting.googleapis.com/upload/sites/accelefreight/versions/4c1e30d41f148d88/files/6b1f15c460ab05e4492763cf8c64f2089a1876426a0541589069a3b889a921c3 [stream]
[debug] [2026-02-25T08:23:52.385Z] <<< [apiv2][status] POST https://upload-firebasehosting.googleapis.com/upload/sites/accelefreight/versions/4c1e30d41f148d88/files/168d77e74ddc3ab37ec3ec1f6c0a83e0e3391dbb6d5c4657162f7de34fed5771 200
[debug] [2026-02-25T08:23:52.385Z] <<< [apiv2][body] POST https://upload-firebasehosting.googleapis.com/upload/sites/accelefreight/versions/4c1e30d41f148d88/files/168d77e74ddc3ab37ec3ec1f6c0a83e0e3391dbb6d5c4657162f7de34fed5771 [stream]
[debug] [2026-02-25T08:23:52.429Z] <<< [apiv2][status] POST https://upload-firebasehosting.googleapis.com/upload/sites/accelefreight/versions/4c1e30d41f148d88/files/8d079e306854bdb623b8b8ecf504bc7e125654ba7e3f71848a298d967603016e 200
[debug] [2026-02-25T08:23:52.430Z] <<< [apiv2][body] POST https://upload-firebasehosting.googleapis.com/upload/sites/accelefreight/versions/4c1e30d41f148d88/files/8d079e306854bdb623b8b8ecf504bc7e125654ba7e3f71848a298d967603016e [stream]
[debug] [2026-02-25T08:23:52.436Z] <<< [apiv2][status] POST https://upload-firebasehosting.googleapis.com/upload/sites/accelefreight/versions/4c1e30d41f148d88/files/4d115119597c15c341fe62f4352aace13fb3a96b93dbaf2a62749eb8f43cc7b1 200
[debug] [2026-02-25T08:23:52.436Z] <<< [apiv2][body] POST https://upload-firebasehosting.googleapis.com/upload/sites/accelefreight/versions/4c1e30d41f148d88/files/4d115119597c15c341fe62f4352aace13fb3a96b93dbaf2a62749eb8f43cc7b1 [stream]
[debug] [2026-02-25T08:23:52.456Z] <<< [apiv2][status] POST https://upload-firebasehosting.googleapis.com/upload/sites/accelefreight/versions/4c1e30d41f148d88/files/4c2b3d7d516dabeeb21189c180d3f502268cdcae120b94eec299a9fee291b372 200
[debug] [2026-02-25T08:23:52.457Z] <<< [apiv2][body] POST https://upload-firebasehosting.googleapis.com/upload/sites/accelefreight/versions/4c1e30d41f148d88/files/4c2b3d7d516dabeeb21189c180d3f502268cdcae120b94eec299a9fee291b372 [stream]
[debug] [2026-02-25T08:23:52.506Z] <<< [apiv2][status] POST https://upload-firebasehosting.googleapis.com/upload/sites/accelefreight/versions/4c1e30d41f148d88/files/097a7d7dd43fe9fdac79f5e890d12c233b36b97f5afc04874dab7aab5b9b333a 200
[debug] [2026-02-25T08:23:52.506Z] <<< [apiv2][body] POST https://upload-firebasehosting.googleapis.com/upload/sites/accelefreight/versions/4c1e30d41f148d88/files/097a7d7dd43fe9fdac79f5e890d12c233b36b97f5afc04874dab7aab5b9b333a [stream]
[debug] [2026-02-25T08:23:52.515Z] <<< [apiv2][status] POST https://upload-firebasehosting.googleapis.com/upload/sites/accelefreight/versions/4c1e30d41f148d88/files/c50aaff161e1a3eff8ca2dd0186dc26d8391482cf04620b635ff52112c913ca6 200
[debug] [2026-02-25T08:23:52.515Z] <<< [apiv2][body] POST https://upload-firebasehosting.googleapis.com/upload/sites/accelefreight/versions/4c1e30d41f148d88/files/c50aaff161e1a3eff8ca2dd0186dc26d8391482cf04620b635ff52112c913ca6 [stream]
[debug] [2026-02-25T08:23:52.540Z] <<< [apiv2][status] POST https://upload-firebasehosting.googleapis.com/upload/sites/accelefreight/versions/4c1e30d41f148d88/files/f2760c38121eb26000cfc98739ffab68479d7ad5ace76adb5defef412fd0b67a 200
[debug] [2026-02-25T08:23:52.540Z] <<< [apiv2][body] POST https://upload-firebasehosting.googleapis.com/upload/sites/accelefreight/versions/4c1e30d41f148d88/files/f2760c38121eb26000cfc98739ffab68479d7ad5ace76adb5defef412fd0b67a [stream]
[debug] [2026-02-25T08:23:52.581Z] <<< [apiv2][status] POST https://upload-firebasehosting.googleapis.com/upload/sites/accelefreight/versions/4c1e30d41f148d88/files/83954f7b4236b1c418cdaa0c2dc3ae8669458e4c453efa1f5432563cf85b3537 200
[debug] [2026-02-25T08:23:52.581Z] <<< [apiv2][body] POST https://upload-firebasehosting.googleapis.com/upload/sites/accelefreight/versions/4c1e30d41f148d88/files/83954f7b4236b1c418cdaa0c2dc3ae8669458e4c453efa1f5432563cf85b3537 [stream]
[debug] [2026-02-25T08:23:52.581Z] [hosting][upload queue][FINAL] {"max":1573,"min":1183,"avg":1395.3076923076924,"active":0,"complete":13,"success":13,"errored":0,"retried":0,"total":13,"elapsed":1574}
[info] +  hosting[accelefreight]: file upload complete 
[debug] [2026-02-25T08:23:52.582Z] [hosting] deploy completed after 2339ms
[debug] [2026-02-25T08:23:52.582Z] [
  {
    "config": {
      "site": "accelefreight",
      "public": "af-web/out",
      "ignore": [
        "firebase.json",
        "**/.*",
        "**/node_modules/**"
      ],
      "rewrites": [
        {
          "source": "**",
          "destination": "/index.html"
        }
      ],
      "headers": [
        {
          "source": "**/*.@(js|css|woff2|woff|ttf)",
          "headers": [
            {
              "key": "Cache-Control",
              "value": "public, max-age=31536000, immutable"
            }
          ]
        },
        {
          "source": "**/*.html",
          "headers": [
            {
              "key": "Cache-Control",
              "value": "public, max-age=0, must-revalidate"
            }
          ]
        }
      ]
    },
    "version": "projects/667020632236/sites/accelefreight/versions/4c1e30d41f148d88"
  }
]
[info] i  hosting[accelefreight]: finalizing version... 
[debug] [2026-02-25T08:23:52.583Z] Checked if tokens are valid: true, expires at: 1772009630114
[debug] [2026-02-25T08:23:52.583Z] Checked if tokens are valid: true, expires at: 1772009630114
[debug] [2026-02-25T08:23:52.583Z] >>> [apiv2][query] PATCH https://firebasehosting.googleapis.com/v1beta1/projects/-/sites/accelefreight/versions/4c1e30d41f148d88 updateMask=status%2Cconfig
[debug] [2026-02-25T08:23:52.583Z] >>> [apiv2][body] PATCH https://firebasehosting.googleapis.com/v1beta1/projects/-/sites/accelefreight/versions/4c1e30d41f148d88 {"status":"FINALIZED","config":{"rewrites":[{"glob":"**","path":"/index.html"}],"headers":[{"glob":"**/*.@(js|css|woff2|woff|ttf)","headers":{"Cache-Control":"public, max-age=31536000, immutable"}},{"glob":"**/*.html","headers":{"Cache-Control":"public, max-age=0, must-revalidate"}}]}}
[debug] [2026-02-25T08:23:53.290Z] <<< [apiv2][status] PATCH https://firebasehosting.googleapis.com/v1beta1/projects/-/sites/accelefreight/versions/4c1e30d41f148d88 200
[debug] [2026-02-25T08:23:53.290Z] <<< [apiv2][body] PATCH https://firebasehosting.googleapis.com/v1beta1/projects/-/sites/accelefreight/versions/4c1e30d41f148d88 {"name":"projects/667020632236/sites/accelefreight/versions/4c1e30d41f148d88","status":"FINALIZED","config":{"headers":[{"headers":{"Cache-Control":"public, max-age=31536000, immutable"},"glob":"**/*.@(js|css|woff2|woff|ttf)"},{"headers":{"Cache-Control":"public, max-age=0, must-revalidate"},"glob":"**/*.html"}],"rewrites":[{"glob":"**","path":"/index.html"}]},"labels":{"deployment-tool":"cli-firebase"},"createTime":"2026-02-25T08:23:49.488343Z","createUser":{"email":"calvin.wong@accelefreight.com"},"finalizeTime":"2026-02-25T08:23:53.294696Z","finalizeUser":{"email":"calvin.wong@accelefreight.com"}}
[debug] [2026-02-25T08:23:53.290Z] [hosting] finalized version for accelefreight:[object Object]
[info] +  hosting[accelefreight]: version finalized 
[info] i  hosting[accelefreight]: releasing new version... 
[debug] [2026-02-25T08:23:53.291Z] Checked if tokens are valid: true, expires at: 1772009630114
[debug] [2026-02-25T08:23:53.291Z] Checked if tokens are valid: true, expires at: 1772009630114
[debug] [2026-02-25T08:23:53.291Z] >>> [apiv2][query] POST https://firebasehosting.googleapis.com/v1beta1/projects/-/sites/accelefreight/channels/live/releases versionName=projects%2F667020632236%2Fsites%2Faccelefreight%2Fversions%2F4c1e30d41f148d88
[debug] [2026-02-25T08:23:53.291Z] >>> [apiv2][body] POST https://firebasehosting.googleapis.com/v1beta1/projects/-/sites/accelefreight/channels/live/releases {}
[debug] [2026-02-25T08:23:54.197Z] <<< [apiv2][status] POST https://firebasehosting.googleapis.com/v1beta1/projects/-/sites/accelefreight/channels/live/releases 200
[debug] [2026-02-25T08:23:54.197Z] <<< [apiv2][body] POST https://firebasehosting.googleapis.com/v1beta1/projects/-/sites/accelefreight/channels/live/releases {"name":"projects/667020632236/sites/accelefreight/channels/live/releases/1772007833546000","version":{"name":"projects/667020632236/sites/accelefreight/versions/4c1e30d41f148d88","status":"FINALIZED","config":{"headers":[{"headers":{"Cache-Control":"public, max-age=31536000, immutable"},"glob":"**/*.@(js|css|woff2|woff|ttf)"},{"headers":{"Cache-Control":"public, max-age=0, must-revalidate"},"glob":"**/*.html"}],"rewrites":[{"glob":"**","path":"/index.html"}]},"labels":{"deployment-tool":"cli-firebase"},"createTime":"2026-02-25T08:23:49.488343Z","createUser":{"email":"calvin.wong@accelefreight.com","imageUrl":"https://lh3.googleusercontent.com/a/ACg8ocJV3N-XUT2LD3emPp8Zl4cNNMBdjv8zT2JOWk8h8BvMj9aTEg=mo"},"finalizeTime":"2026-02-25T08:23:53.294696Z","finalizeUser":{"email":"calvin.wong@accelefreight.com","imageUrl":"https://lh3.googleusercontent.com/a/ACg8ocJV3N-XUT2LD3emPp8Zl4cNNMBdjv8zT2JOWk8h8BvMj9aTEg=mo"}},"type":"DEPLOY","releaseTime":"2026-02-25T08:23:53.546Z","releaseUser":{"email":"calvin.wong@accelefreight.com","imageUrl":"https://lh3.googleusercontent.com/a/ACg8ocJV3N-XUT2LD3emPp8Zl4cNNMBdjv8zT2JOWk8h8BvMj9aTEg=mo"}}
[debug] [2026-02-25T08:23:54.197Z] [hosting] release: {"name":"projects/667020632236/sites/accelefreight/channels/live/releases/1772007833546000","version":{"name":"projects/667020632236/sites/accelefreight/versions/4c1e30d41f148d88","status":"FINALIZED","config":{"headers":[{"headers":{"Cache-Control":"public, max-age=31536000, immutable"},"glob":"**/*.@(js|css|woff2|woff|ttf)"},{"headers":{"Cache-Control":"public, max-age=0, must-revalidate"},"glob":"**/*.html"}],"rewrites":[{"glob":"**","path":"/index.html"}]},"labels":{"deployment-tool":"cli-firebase"},"createTime":"2026-02-25T08:23:49.488343Z","createUser":{"email":"calvin.wong@accelefreight.com","imageUrl":"https://lh3.googleusercontent.com/a/ACg8ocJV3N-XUT2LD3emPp8Zl4cNNMBdjv8zT2JOWk8h8BvMj9aTEg=mo"},"finalizeTime":"2026-02-25T08:23:53.294696Z","finalizeUser":{"email":"calvin.wong@accelefreight.com","imageUrl":"https://lh3.googleusercontent.com/a/ACg8ocJV3N-XUT2LD3emPp8Zl4cNNMBdjv8zT2JOWk8h8BvMj9aTEg=mo"}},"type":"DEPLOY","releaseTime":"2026-02-25T08:23:53.546Z","releaseUser":{"email":"calvin.wong@accelefreight.com","imageUrl":"https://lh3.googleusercontent.com/a/ACg8ocJV3N-XUT2LD3emPp8Zl4cNNMBdjv8zT2JOWk8h8BvMj9aTEg=mo"}}
[info] +  hosting[accelefreight]: release complete 
[info] 
[info] +  Deploy complete! 
[info] 
[info] Project Console: https://console.firebase.google.com/project/cloud-accele-freight/overview
[info] Hosting URL: https://accelefreight.web.app
[debug] [2026-02-25T08:24:04.220Z] Error: Timed out.
    at Timeout._onTimeout (C:\Users\User\AppData\Roaming\npm\node_modules\firebase-tools\lib\utils.js:308:49)
    at listOnTimeout (node:internal/timers:605:17)
    at process.processTimers (node:internal/timers:541:7)
[error] 
[error] Error: An unexpected error has occurred.
